d:\myvc\1.1实验（2）\1.1实验（2）\debug\1.1实验（2）.pch
d:\myvc\1.1实验（2）\1.1实验（2）\debug\vc140.pdb
d:\myvc\1.1实验（2）\1.1实验（2）\debug\vc140.idb
d:\myvc\1.1实验（2）\1.1实验（2）\debug\stdafx.obj
d:\myvc\1.1实验（2）\1.1实验（2）\debug\1.1实验（2）.obj
d:\myvc\1.1实验（2）\1.1实验（2）\debug\1.1实验（2）doc.obj
d:\myvc\1.1实验（2）\1.1实验（2）\debug\1.1实验（2）view.obj
d:\myvc\1.1实验（2）\1.1实验（2）\debug\mainfrm.obj
d:\myvc\1.1实验（2）\debug\1.1实验（2）.ilk
d:\myvc\1.1实验（2）\debug\1.1实验（2）.exe
d:\myvc\1.1实验（2）\debug\1.1实验（2）.pdb
d:\myvc\1.1实验（2）\1.1实验（2）\debug\1.1实验（2）.res
d:\myvc\1.1实验（2）\1.1实验（2）\debug\1.1实验（2）.tlog\cl.command.1.tlog
d:\myvc\1.1实验（2）\1.1实验（2）\debug\1.1实验（2）.tlog\cl.read.1.tlog
d:\myvc\1.1实验（2）\1.1实验（2）\debug\1.1实验（2）.tlog\cl.write.1.tlog
d:\myvc\1.1实验（2）\1.1实验（2）\debug\1.1实验（2）.tlog\link.command.1.tlog
d:\myvc\1.1实验（2）\1.1实验（2）\debug\1.1实验（2）.tlog\link.read.1.tlog
d:\myvc\1.1实验（2）\1.1实验（2）\debug\1.1实验（2）.tlog\link.write.1.tlog
d:\myvc\1.1实验（2）\1.1实验（2）\debug\1.1实验（2）.tlog\rc.command.1.tlog
d:\myvc\1.1实验（2）\1.1实验（2）\debug\1.1实验（2）.tlog\rc.read.1.tlog
d:\myvc\1.1实验（2）\1.1实验（2）\debug\1.1实验（2）.tlog\rc.write.1.tlog
