d:\myvc\绘制扇形线条\绘制扇形线条\debug\绘制扇形线条.pch
d:\myvc\绘制扇形线条\绘制扇形线条\debug\vc140.pdb
d:\myvc\绘制扇形线条\绘制扇形线条\debug\vc140.idb
d:\myvc\绘制扇形线条\绘制扇形线条\debug\stdafx.obj
d:\myvc\绘制扇形线条\绘制扇形线条\debug\mainfrm.obj
d:\myvc\绘制扇形线条\绘制扇形线条\debug\绘制扇形线条.obj
d:\myvc\绘制扇形线条\绘制扇形线条\debug\绘制扇形线条doc.obj
d:\myvc\绘制扇形线条\绘制扇形线条\debug\绘制扇形线条view.obj
d:\myvc\绘制扇形线条\debug\绘制扇形线条.ilk
d:\myvc\绘制扇形线条\debug\绘制扇形线条.exe
d:\myvc\绘制扇形线条\debug\绘制扇形线条.pdb
d:\myvc\绘制扇形线条\绘制扇形线条\debug\绘制扇形线条.res
d:\myvc\绘制扇形线条\绘制扇形线条\debug\绘制扇形线条.tlog\cl.command.1.tlog
d:\myvc\绘制扇形线条\绘制扇形线条\debug\绘制扇形线条.tlog\cl.read.1.tlog
d:\myvc\绘制扇形线条\绘制扇形线条\debug\绘制扇形线条.tlog\cl.write.1.tlog
d:\myvc\绘制扇形线条\绘制扇形线条\debug\绘制扇形线条.tlog\link.command.1.tlog
d:\myvc\绘制扇形线条\绘制扇形线条\debug\绘制扇形线条.tlog\link.read.1.tlog
d:\myvc\绘制扇形线条\绘制扇形线条\debug\绘制扇形线条.tlog\link.write.1.tlog
d:\myvc\绘制扇形线条\绘制扇形线条\debug\绘制扇形线条.tlog\rc.command.1.tlog
d:\myvc\绘制扇形线条\绘制扇形线条\debug\绘制扇形线条.tlog\rc.read.1.tlog
d:\myvc\绘制扇形线条\绘制扇形线条\debug\绘制扇形线条.tlog\rc.write.1.tlog
