生成启动时间为 2020/5/18 23:21:20。
     1>项目“D:\MYVC\4.1例子(1)\4.1例子(1)\4.1例子(1).vcxproj”在节点 2 上(Build 个目标)。
     1>ClCompile:
         D:\大二各科课件\visual c\插件\VC\bin\CL.exe /c /ZI /nologo /W3 /WX- /sdl /Od /Oy- /D WIN32 /D _WINDOWS /D _DEBUG /D _UNICODE /D UNICODE /D _AFXDLL /Gm /EHsc /RTC1 /MDd /GS /fp:precise /Zc:wchar_t /Zc:forScope /Zc:inline /Yc"stdafx.h" /Fp"Debug\4.1例子(1).pch" /Fo"Debug\\" /Fd"Debug\vc140.pdb" /Gd /TP /analyze- /errorReport:prompt stdafx.cpp
         stdafx.cpp
         D:\大二各科课件\visual c\插件\VC\bin\CL.exe /c /ZI /nologo /W3 /WX- /sdl /Od /Oy- /D WIN32 /D _WINDOWS /D _DEBUG /D _UNICODE /D UNICODE /D _AFXDLL /Gm /EHsc /RTC1 /MDd /GS /fp:precise /Zc:wchar_t /Zc:forScope /Zc:inline /Yu"stdafx.h" /Fp"Debug\4.1例子(1).pch" /Fo"Debug\\" /Fd"Debug\vc140.pdb" /Gd /TP /analyze- /errorReport:prompt "4.1例子(1).cpp" "4.1例子(1)Doc.cpp" "4.1例子(1)View.cpp" MainFrm.cpp
         MainFrm.cpp
         4.1例子(1)View.cpp
         4.1例子(1)Doc.cpp
         4.1例子(1).cpp
         正在生成代码...
       ResourceCompile:
         C:\Program Files (x86)\Windows Kits\8.1\bin\x86\rc.exe /D _DEBUG /D _UNICODE /D UNICODE /D _AFXDLL /l"0x0804" /IDebug\ /nologo /fo"Debug\4.1例子(1).res" "4.1例子(1).rc" 
       Link:
         D:\大二各科课件\visual c\插件\VC\bin\link.exe /ERRORREPORT:PROMPT /OUT:"D:\MYVC\4.1例子(1)\Debug\4.1例子(1).exe" /INCREMENTAL /NOLOGO /MANIFEST /MANIFESTUAC:"level='asInvoker' uiAccess='false'" /manifest:embed /manifestinput:"D:\大二各科课件\visual c\插件\VC\Include\Manifest\dpiaware.manifest" /Debug /PDB:"D:\MYVC\4.1例子(1)\Debug\4.1例子(1).pdb" /SUBSYSTEM:WINDOWS /TLBID:1 /ENTRY:"wWinMainCRTStartup" /DYNAMICBASE /NXCOMPAT /IMPLIB:"D:\MYVC\4.1例子(1)\Debug\4.1例子(1).lib" /MACHINE:X86 "Debug\4.1例子(1).res"
         "Debug\4.1例子(1).obj"
         "Debug\4.1例子(1)Doc.obj"
         "Debug\4.1例子(1)View.obj"
         Debug\MainFrm.obj
         Debug\stdafx.obj
         4.1例子(1).vcxproj -> D:\MYVC\4.1例子(1)\Debug\4.1例子(1).exe
     1>已完成生成项目“D:\MYVC\4.1例子(1)\4.1例子(1)\4.1例子(1).vcxproj”(Build 个目标)的操作。

已成功生成。

已用时间 00:00:13.74
